0 info it worked if it ends with ok
1 verbose cli [ 'C:\\Program Files (x86)\\nodejs\\node.exe',
1 verbose cli   'C:\\Program Files (x86)\\nodejs\\node_modules\\npm\\bin\\npm-cli.js',
1 verbose cli   'install',
1 verbose cli   '-g',
1 verbose cli   'yo',
1 verbose cli   'bower',
1 verbose cli   'grunt-cli',
1 verbose cli   'gulp' ]
2 info using npm@2.14.7
3 info using node@v4.2.3
4 verbose install initial load of C:\Users\Andrew\AppData\Roaming\npm\package.json
5 verbose readDependencies loading dependencies from C:\Users\Andrew\AppData\Roaming\npm\package.json
6 silly cache add args [ 'yo', null ]
7 verbose cache add spec yo
8 silly cache add args [ 'bower', null ]
9 verbose cache add spec bower
10 silly cache add args [ 'grunt-cli', null ]
11 verbose cache add spec grunt-cli
12 silly cache add args [ 'gulp', null ]
13 verbose cache add spec gulp
14 silly cache add parsed spec Result {
14 silly cache add   raw: 'yo',
14 silly cache add   scope: null,
14 silly cache add   name: 'yo',
14 silly cache add   rawSpec: '',
14 silly cache add   spec: '*',
14 silly cache add   type: 'range' }
15 silly addNamed yo@*
16 verbose addNamed "*" is a valid semver range for yo
17 silly addNameRange { name: 'yo', range: '*', hasData: false }
18 silly mapToRegistry name yo
19 silly mapToRegistry using default registry
20 silly mapToRegistry registry https://registry.npmjs.org/
21 silly mapToRegistry uri https://registry.npmjs.org/yo
22 verbose addNameRange registry:https://registry.npmjs.org/yo not in flight; fetching
23 silly cache add parsed spec Result {
23 silly cache add   raw: 'bower',
23 silly cache add   scope: null,
23 silly cache add   name: 'bower',
23 silly cache add   rawSpec: '',
23 silly cache add   spec: '*',
23 silly cache add   type: 'range' }
24 silly addNamed bower@*
25 verbose addNamed "*" is a valid semver range for bower
26 silly addNameRange { name: 'bower', range: '*', hasData: false }
27 silly mapToRegistry name bower
28 silly mapToRegistry using default registry
29 silly mapToRegistry registry https://registry.npmjs.org/
30 silly mapToRegistry uri https://registry.npmjs.org/bower
31 verbose addNameRange registry:https://registry.npmjs.org/bower not in flight; fetching
32 silly cache add parsed spec Result {
32 silly cache add   raw: 'grunt-cli',
32 silly cache add   scope: null,
32 silly cache add   name: 'grunt-cli',
32 silly cache add   rawSpec: '',
32 silly cache add   spec: '*',
32 silly cache add   type: 'range' }
33 silly addNamed grunt-cli@*
34 verbose addNamed "*" is a valid semver range for grunt-cli
35 silly addNameRange { name: 'grunt-cli', range: '*', hasData: false }
36 silly mapToRegistry name grunt-cli
37 silly mapToRegistry using default registry
38 silly mapToRegistry registry https://registry.npmjs.org/
39 silly mapToRegistry uri https://registry.npmjs.org/grunt-cli
40 verbose addNameRange registry:https://registry.npmjs.org/grunt-cli not in flight; fetching
41 silly cache add parsed spec Result {
41 silly cache add   raw: 'gulp',
41 silly cache add   scope: null,
41 silly cache add   name: 'gulp',
41 silly cache add   rawSpec: '',
41 silly cache add   spec: '*',
41 silly cache add   type: 'range' }
42 silly addNamed gulp@*
43 verbose addNamed "*" is a valid semver range for gulp
44 silly addNameRange { name: 'gulp', range: '*', hasData: false }
45 silly mapToRegistry name gulp
46 silly mapToRegistry using default registry
47 silly mapToRegistry registry https://registry.npmjs.org/
48 silly mapToRegistry uri https://registry.npmjs.org/gulp
49 verbose addNameRange registry:https://registry.npmjs.org/gulp not in flight; fetching
50 verbose request uri https://registry.npmjs.org/yo
51 verbose request no auth needed
52 info attempt registry request try #1 at 2:42:48 PM
53 verbose request id e170e24341976da5
54 http request GET https://registry.npmjs.org/yo
55 verbose request uri https://registry.npmjs.org/grunt-cli
56 verbose request no auth needed
57 info attempt registry request try #1 at 2:42:48 PM
58 http request GET https://registry.npmjs.org/grunt-cli
59 verbose request uri https://registry.npmjs.org/gulp
60 verbose request no auth needed
61 info attempt registry request try #1 at 2:42:48 PM
62 http request GET https://registry.npmjs.org/gulp
63 info retry will retry, error on last attempt: Error: getaddrinfo ENOTFOUND registry.npmjs.org registry.npmjs.org:443
64 info retry will retry, error on last attempt: Error: getaddrinfo ENOTFOUND registry.npmjs.org registry.npmjs.org:443
65 verbose request uri https://registry.npmjs.org/bower
66 verbose request no auth needed
67 info attempt registry request try #1 at 2:42:48 PM
68 verbose etag "91HPHNRJ9O4CPUCX8SWM1PZFI"
69 http request GET https://registry.npmjs.org/bower
70 info retry will retry, error on last attempt: Error: getaddrinfo ENOTFOUND registry.npmjs.org registry.npmjs.org:443
71 info retry will retry, error on last attempt: Error: getaddrinfo ENOTFOUND registry.npmjs.org registry.npmjs.org:443
72 info attempt registry request try #2 at 2:42:58 PM
73 http request GET https://registry.npmjs.org/yo
74 info attempt registry request try #2 at 2:42:58 PM
75 http request GET https://registry.npmjs.org/grunt-cli
76 info attempt registry request try #2 at 2:42:58 PM
77 http request GET https://registry.npmjs.org/gulp
78 info attempt registry request try #2 at 2:42:58 PM
79 verbose etag "91HPHNRJ9O4CPUCX8SWM1PZFI"
80 http request GET https://registry.npmjs.org/bower
81 info retry will retry, error on last attempt: Error: getaddrinfo ENOTFOUND registry.npmjs.org registry.npmjs.org:443
82 info retry will retry, error on last attempt: Error: getaddrinfo ENOTFOUND registry.npmjs.org registry.npmjs.org:443
83 info retry will retry, error on last attempt: Error: getaddrinfo ENOTFOUND registry.npmjs.org registry.npmjs.org:443
84 info retry will retry, error on last attempt: Error: getaddrinfo ENOTFOUND registry.npmjs.org registry.npmjs.org:443
85 info attempt registry request try #3 at 2:43:58 PM
86 http request GET https://registry.npmjs.org/yo
87 info attempt registry request try #3 at 2:43:58 PM
88 http request GET https://registry.npmjs.org/grunt-cli
89 info attempt registry request try #3 at 2:43:58 PM
90 http request GET https://registry.npmjs.org/gulp
91 info attempt registry request try #3 at 2:43:58 PM
92 verbose etag "91HPHNRJ9O4CPUCX8SWM1PZFI"
93 http request GET https://registry.npmjs.org/bower
94 silly get cb [ 304, undefined ]
95 verbose etag https://registry.npmjs.org/bower from cache
96 verbose get saving bower to C:\Users\Andrew\AppData\Roaming\npm-cache\registry.npmjs.org\bower\.cache.json
97 silly addNameRange number 2 { name: 'bower', range: '*', hasData: true }
98 silly addNameRange versions [ 'bower',
98 silly addNameRange   [ '0.1.0',
98 silly addNameRange     '0.1.2',
98 silly addNameRange     '0.1.3',
98 silly addNameRange     '0.2.0',
98 silly addNameRange     '0.3.0',
98 silly addNameRange     '0.3.1',
98 silly addNameRange     '0.3.2',
98 silly addNameRange     '0.4.0',
98 silly addNameRange     '0.5.0',
98 silly addNameRange     '0.5.1',
98 silly addNameRange     '0.6.0',
98 silly addNameRange     '0.6.1',
98 silly addNameRange     '0.6.2',
98 silly addNameRange     '0.6.3',
98 silly addNameRange     '0.6.4',
98 silly addNameRange     '0.6.5',
98 silly addNameRange     '0.6.6',
98 silly addNameRange     '0.6.7',
98 silly addNameRange     '0.6.8',
98 silly addNameRange     '0.7.0',
98 silly addNameRange     '0.7.1',
98 silly addNameRange     '0.8.0',
98 silly addNameRange     '0.8.1',
98 silly addNameRange     '0.8.2',
98 silly addNameRange     '0.8.3',
98 silly addNameRange     '0.8.4',
98 silly addNameRange     '0.8.5',
98 silly addNameRange     '0.8.6',
98 silly addNameRange     '0.9.0',
98 silly addNameRange     '0.9.1',
98 silly addNameRange     '0.9.2',
98 silly addNameRange     '0.10.0',
98 silly addNameRange     '1.0.0',
98 silly addNameRange     '1.0.1',
98 silly addNameRange     '1.0.2',
98 silly addNameRange     '1.0.3',
98 silly addNameRange     '1.1.0',
98 silly addNameRange     '1.1.1',
98 silly addNameRange     '1.1.2',
98 silly addNameRange     '1.2.0',
98 silly addNameRange     '1.2.1',
98 silly addNameRange     '1.2.2',
98 silly addNameRange     '1.2.3',
98 silly addNameRange     '1.2.4',
98 silly addNameRange     '1.2.5',
98 silly addNameRange     '1.2.6',
98 silly addNameRange     '1.2.7',
98 silly addNameRange     '1.2.8',
98 silly addNameRange     '1.3.0',
98 silly addNameRange     '1.3.1',
98 silly addNameRange     '1.3.2',
98 silly addNameRange     '1.3.3',
98 silly addNameRange     '1.3.4',
98 silly addNameRange     '1.3.5',
98 silly addNameRange     '1.3.6',
98 silly addNameRange     '1.3.7',
98 silly addNameRange     '1.3.8',
98 silly addNameRange     '1.3.9',
98 silly addNameRange     '1.3.10',
98 silly addNameRange     '1.3.11',
98 silly addNameRange     '1.3.12',
98 silly addNameRange     '1.4.0',
98 silly addNameRange     '1.4.1',
98 silly addNameRange     '1.5.0',
98 silly addNameRange     '1.5.1',
98 silly addNameRange     '1.5.2',
98 silly addNameRange     '1.5.3',
98 silly addNameRange     '1.6.2',
98 silly addNameRange     '1.6.3',
98 silly addNameRange     '1.6.4',
98 silly addNameRange     '1.6.5',
98 silly addNameRange     '1.5.4',
98 silly addNameRange     '1.4.2',
98 silly addNameRange     '1.6.6',
98 silly addNameRange     '1.6.7',
98 silly addNameRange     '1.6.8',
98 silly addNameRange     '1.6.9',
98 silly addNameRange     '1.7.0' ] ]
99 silly addNamed bower@1.7.0
100 verbose addNamed "1.7.0" is a plain semver version for bower
101 silly cache afterAdd bower@1.7.0
102 verbose afterAdd C:\Users\Andrew\AppData\Roaming\npm-cache\bower\1.7.0\package\package.json not in flight; writing
103 verbose afterAdd C:\Users\Andrew\AppData\Roaming\npm-cache\bower\1.7.0\package\package.json written
104 verbose stack Error: getaddrinfo ENOTFOUND registry.npmjs.org registry.npmjs.org:443
104 verbose stack     at errnoException (dns.js:26:10)
104 verbose stack     at GetAddrInfoReqWrap.onlookup [as oncomplete] (dns.js:77:26)
105 verbose cwd C:\code\workmanager-bpm
106 error Windows_NT 6.1.7601
107 error argv "C:\\Program Files (x86)\\nodejs\\node.exe" "C:\\Program Files (x86)\\nodejs\\node_modules\\npm\\bin\\npm-cli.js" "install" "-g" "yo" "bower" "grunt-cli" "gulp"
108 error node v4.2.3
109 error npm  v2.14.7
110 error code ENOTFOUND
111 error errno ENOTFOUND
112 error syscall getaddrinfo
113 error network getaddrinfo ENOTFOUND registry.npmjs.org registry.npmjs.org:443
113 error network This is most likely not a problem with npm itself
113 error network and is related to network connectivity.
113 error network In most cases you are behind a proxy or have bad network settings.
113 error network
113 error network If you are behind a proxy, please make sure that the
113 error network 'proxy' config is set properly.  See: 'npm help config'
114 verbose exit [ 1, true ]
